<?xml version="1.0" encoding="UTF-8"?>
<testsuite xmlns:xsi="http://www.w3.org/2001/XMLSchema-instance" xsi:noNamespaceSchemaLocation="https://maven.apache.org/surefire/maven-surefire-plugin/xsd/surefire-test-report-3.0.xsd" version="3.0" name="com.mycompany.keycloak.authenticator.Custom2FAAuthenticatorTest" time="0.596" tests="3" errors="0" skipped="0" failures="0">
  <properties>
[...]
</properties>
  <testcase name="testAction_FailsOnWrongOtp" classname="com.mycompany.keycloak.authenticator.Custom2FAAuthenticatorTest" time="0.557"/>
  <testcase name="testAuthenticate_GeneratesNewOtpWhenNoneExists" classname="com.mycompany.keycloak.authenticator.Custom2FAAuthenticatorTest" time="0.019">
    <system-out><![CDATA[Generated NEW OTP: 325443
]]></system-out>
  </testcase>
  <testcase name="testAction_FailsOnExpiredOtp" classname="com.mycompany.keycloak.authenticator.Custom2FAAuthenticatorTest" time="0.004"/>
</testsuite>